

[New Call]
Array
(
    [0] => Array
        (
            [xxx.Items.Id_Items] => 684
            [xxx.Items.Id_groups_json] => 
            [xxx.Items.Id_Accreditations_Item] => 1
            [xxx.Items.Modifie] => 2016-09-28 15:42:30.729617
            [xxx.Items.Id_Creator] => 1
            [xxx.Items.Id_users_json] => 
            [xxx.Noeuds.Id_Noeuds] => 684
            [xxx.Noeuds.Id_Noeuds_Parent] => 684
            [xxx.Contacts.Id_Contacts] => 684
            [xxx.Contacts.Prenom] => Nathalie
            [xxx.Contacts.Nom] => Bajos
            [xxx.Contacts.Id_Civilites] => 3
            [xxx.Contacts.Id_Titres] => 65
            [xxx.Contacts.Id_Contact_Types] => 1
        )

)
