

[New Call]
	=> Group created : Service communication
	=> Owner and parent set 
	=> Number of sub groups : 1


[New Call]
	=> Group created : GG-PT-Appel à témoignanges-M
	=> Owner and parent set 
	=> Number of sub groups : 1


[New Call]
	=> Group created : GG-W7SHARE-COM-M
	=> Owner and parent set 
	=> Number of sub groups : 1


[New Call]
	=> Group created : GG-PT-COMM DDD-M
	=> Owner and parent set 
	=> Number of sub groups : 1


[New Call]
	=> Group created : PORTAIL-DOCUMENTAIRE
	=> Owner and parent set 
	=> Number of sub groups : 1


[New Call]
	=> Group created : INFOCOM
	=> Owner and parent set 
	=> Number of sub groups : 1


[New Call]
	=> Group created : GG-Promotion de l'égalité-M
	=> Owner and parent set 
	=> Number of sub groups : 1


[New Call]
	=> Group created : GG-Réformes-M
	=> Owner and parent set 
	=> Number of sub groups : 1


[New Call]
	=> Group created : GG-Promotion de l’égalité et de l’accès aux droits-L
	=> Owner and parent set 
	=> Number of sub groups : 1


[New Call]
	=> Group created : GG-PT-Mutuelles étudiantes-M
	=> Owner and parent set 
	=> Number of sub groups : 1


[New Call]
	=> Group created : GG-PT-Plateforme racisme-M
	=> Owner and parent set 
	=> Number of sub groups : 1


[New Call]
	=> Group created : GG-PT-Sports et discriminations-M
	=> Owner and parent set 
	=> Number of sub groups : 1


[New Call]
	=> Group created : GG-Etudes-M
	=> Owner and parent set 
	=> Number of sub groups : 1


[New Call]
	=> Group created : GG-Documentation-M
	=> Owner and parent set 
	=> Number of sub groups : 1


[New Call]
	=> Group created : INT_RES_SALLE_DIRECTION
	=> Owner and parent set 
	=> Number of sub groups : 1


[New Call]
	=> Group created : INT_SALLE_CABINET
	=> Owner and parent set 
	=> Number of sub groups : 1


[New Call]
	=> Group created : INT_RES_SALLE_REUNION
	=> Owner and parent set 
	=> Number of sub groups : 1


[New Call]
	=> Group created : INT_SALLE_REUNION
	=> Owner and parent set 
	=> Number of sub groups : 1


[New Call]
	=> Group created : GG-PT-Rapport-Activité-M
	=> Owner and parent set 
	=> Number of sub groups : 1


[New Call]
	=> Group created : INT_TOUTLEMONDE
	=> Owner and parent set 
	=> Number of sub groups : 1


[New Call]
	=> Group created : GG-Evenementiel-M
	=> Owner and parent set 
	=> Number of sub groups : 1


[New Call]
	=> Group created : GG-Communication-M
	=> Owner and parent set 
	=> Number of sub groups : 1


[New Call]
	=> Group created : GG-International-M
	=> Owner and parent set 
	=> Number of sub groups : 1


[New Call]
	=> Group created : AGORA
	=> Owner and parent set 
	=> Number of sub groups : 1


[New Call]
	=> Group created : Tous les utilisateurs avec archives
	=> Owner and parent set 
	=> Number of sub groups : 1


[New Call]
	=> Group created : IMPRESSION-COPIEUR-COULEUR
	=> Owner and parent set 
	=> Number of sub groups : 1


[New Call]
	=> Group created : COM
	=> Owner and parent set 
	=> Number of sub groups : 1


[New Call]
	=> Group created : INT_DGMSP
	=> Owner and parent set 
	=> Number of sub groups : 1


[New Call]
	=> Group created : INT_ADMIN
	=> Owner and parent set 
	=> Number of sub groups : 1


[New Call]
	=> Group created : INT_SERVICE_PRESSE
	=> Owner and parent set 
	=> Number of sub groups : 1


[New Call]
	=> Group created : Utilisa. du domaine
	=> Owner and parent set 
	=> Number of sub groups : 1


[New Call]
	=> Group created : GG-PT-Rapport Enfance 2016-M
	=> Owner and parent set 
	=> Number of sub groups : 1


[New Call]
	=> Group created : GG-BD-Promotion des droits fondamentaux-M
	=> Owner and parent set 
	=> Number of sub groups : 1


[New Call]
	=> Group created : Base documentaire
	=> Owner and parent set 
	=> Number of sub groups : 1


[New Call]
	=> Group created : GG-Groupes-Travail-DDD-M
	=> Owner and parent set 
	=> Number of sub groups : 1


[New Call]
	=> Group created : GG-Défenseur des enfants-L
	=> Owner and parent set 
	=> Number of sub groups : 1


[New Call]
	=> Group created : GG-Collèges-L
	=> Owner and parent set 
	=> Number of sub groups : 1


[New Call]
	=> Group created : GG-Protection des droits - Affaires judiciaires-L
	=> Owner and parent set 
	=> Number of sub groups : 1


[New Call]
	=> Group created : Service communication
	=> Owner and parent set 
	=> Number of sub groups : 1


[New Call]
	=> Group created : GG-PT-Appel à témoignanges-M
	=> Owner and parent set 
	=> Number of sub groups : 1


[New Call]
	=> Group created : GG-W7SHARE-COM-M
	=> Owner and parent set 
	=> Number of sub groups : 1


[New Call]
	=> Group created : GG-PT-COMM DDD-M
	=> Owner and parent set 
	=> Number of sub groups : 1


[New Call]
	=> Group created : PORTAIL-DOCUMENTAIRE
	=> Owner and parent set 
	=> Number of sub groups : 1


[New Call]
	=> Group created : INFOCOM
	=> Owner and parent set 
	=> Number of sub groups : 1


[New Call]
	=> Group created : GG-Promotion de l'égalité-M
	=> Owner and parent set 
	=> Number of sub groups : 1


[New Call]
	=> Group created : GG-Réformes-M
	=> Owner and parent set 
	=> Number of sub groups : 1


[New Call]
	=> Group created : GG-Promotion de l’égalité et de l’accès aux droits-L
	=> Owner and parent set 
	=> Number of sub groups : 1


[New Call]
	=> Group created : GG-PT-Mutuelles étudiantes-M
	=> Owner and parent set 
	=> Number of sub groups : 1


[New Call]
	=> Group created : GG-PT-Plateforme racisme-M
	=> Owner and parent set 
	=> Number of sub groups : 1


[New Call]
	=> Group created : GG-PT-Sports et discriminations-M
	=> Owner and parent set 
	=> Number of sub groups : 1


[New Call]
	=> Group created : GG-Etudes-M
	=> Owner and parent set 
	=> Number of sub groups : 1


[New Call]
	=> Group created : GG-Documentation-M
	=> Owner and parent set 
	=> Number of sub groups : 1


[New Call]
	=> Group created : INT_RES_SALLE_DIRECTION
	=> Owner and parent set 
	=> Number of sub groups : 1


[New Call]
	=> Group created : INT_SALLE_CABINET
	=> Owner and parent set 
	=> Number of sub groups : 1


[New Call]
	=> Group created : INT_RES_SALLE_REUNION
	=> Owner and parent set 
	=> Number of sub groups : 1


[New Call]
	=> Group created : INT_SALLE_REUNION
	=> Owner and parent set 
	=> Number of sub groups : 1


[New Call]
	=> Group created : GG-PT-Rapport-Activité-M
	=> Owner and parent set 
	=> Number of sub groups : 1


[New Call]
	=> Group created : INT_TOUTLEMONDE
	=> Owner and parent set 
	=> Number of sub groups : 1


[New Call]
	=> Group created : GG-Evenementiel-M
	=> Owner and parent set 
	=> Number of sub groups : 1


[New Call]
	=> Group created : GG-Communication-M
	=> Owner and parent set 
	=> Number of sub groups : 1


[New Call]
	=> Group created : GG-International-M
	=> Owner and parent set 
	=> Number of sub groups : 1


[New Call]
	=> Group created : AGORA
	=> Owner and parent set 
	=> Number of sub groups : 1


[New Call]
	=> Group created : Tous les utilisateurs avec archives
	=> Owner and parent set 
	=> Number of sub groups : 1


[New Call]
	=> Group created : IMPRESSION-COPIEUR-COULEUR
	=> Owner and parent set 
	=> Number of sub groups : 1


[New Call]
	=> Group created : COM
	=> Owner and parent set 
	=> Number of sub groups : 1


[New Call]
	=> Group created : INT_DGMSP
	=> Owner and parent set 
	=> Number of sub groups : 1


[New Call]
	=> Group created : INT_ADMIN
	=> Owner and parent set 
	=> Number of sub groups : 1


[New Call]
	=> Group created : INT_SERVICE_PRESSE
	=> Owner and parent set 
	=> Number of sub groups : 1


[New Call]
	=> Group created : Utilisa. du domaine
	=> Owner and parent set 
	=> Number of sub groups : 1


[New Call]
	=> Group created : GG-PT-Rapport Enfance 2016-M
	=> Owner and parent set 


[New Call]
	=> Group created : GG-BD-Promotion des droits fondamentaux-M
	=> Owner and parent set 


[New Call]
	=> Group created : Base documentaire
	=> Owner and parent set 


[New Call]
	=> Group created : GG-Groupes-Travail-DDD-M
	=> Owner and parent set 


[New Call]
	=> Group created : GG-Défenseur des enfants-L
	=> Owner and parent set 


[New Call]
	=> Group created : GG-Collèges-L
	=> Owner and parent set 


[New Call]
	=> Group created : GG-Protection des droits - Affaires judiciaires-L
	=> Owner and parent set 
