DEBUG !!!
The Array : 
 Array
(
    [xxx.Items.Id_Items] => 202
    [xxx.Items.Id_groups_json] => 
    [xxx.Items.Id_Accreditations_Item] => 1
    [xxx.Items.Modifie] => 2016-10-25 09:14:19.212522
    [xxx.Items.Id_Creator] => 1
    [xxx.Items.Id_users_json] => 
    [xxx.Noeuds.Id_Noeuds] => 202
    [xxx.Noeuds.Id_Noeuds_Parent] => 202
    [xxx.Contacts.Id_Contacts] => 202
    [xxx.Contacts.Prenom] => Frédérique
    [xxx.Contacts.Nom] => Martin-Ple
    [xxx.Contacts.Id_Civilites] => 1
    [xxx.Contacts.Id_Titres] => 1
    [xxx.Contacts.Id_Contact_Types] => 1
    [fonction] => Substitut Du Procureur
    [adr1] => 3 Rue Saint-Jacques
    [adr2] => CS 80402
    [adr3] => 
    [cp] => 28019
    [cedex] => CEDEX 
    [ville] => Chartres
    [tel1] => 
    [courriel1] => frederique.martin-ple@justice.fr
    [tel2] => 
    [courriel2] => 
    [site] => 
)

The Function : 
 Substitut Du Procureur
The Query : 
 SELECT DISTINCT xxx.Items.Id_Items, xxx.Items.Id_groups_json, xxx.Items.Id_Accreditations_Item, xxx.Items.Modifie, xxx.Items.Id_Creator, xxx.Items.Id_users_json, xxx.Noeuds.Id_Noeuds, xxx.Noeuds.Id_Noeuds_Parent, xxx.Contacts.Id_Contacts, xxx.Contacts.Prenom, xxx.Contacts.Nom, xxx.Contacts.Id_Civilites, xxx.Contacts.Id_Titres, xxx.Contacts.Id_Contact_Types
, xxx.Contact_Infos.Fonction
, xxx.Infos.Adr1, xxx.Infos.Adr2, xxx.Infos.Adr3, xxx.Infos.CP, xxx.Infos.Cedex, xxx.Infos.Ville, xxx.Infos.Telephone1, xxx.Infos.Courriel1, xxx.Infos.Telephone2, xxx.Infos.Courriel2, xxx.Infos.Site
FROM xxx.Items, xxx.Noeuds, xxx.Contacts
, xxx.Contact_Infos
, xxx.Infos
WHERE  xxx.Items.Id_Items = xxx.Noeuds.Id_Noeuds 
AND xxx.Noeuds.Id_Noeuds =  xxx.Contacts.Id_Contacts
AND xxx.contacts.id_contact_types <> 0
AND xxx.Contact_Infos.Id_Contacts = xxx.contacts.id_Contacts AND (xxx.Contact_Infos.Fonction ILIKE 'sub%')
AND xxx.Contact_Infos.Id_Contact_Infos = xxx.Infos.id_Contact_Infos AND (xxx.Infos.CP ILIKE '28%')
ORDER BY xxx.contacts.nom, xxx.contacts.prenom, xxx.Contact_Infos.Fonction
